<?xml version="1.0" encoding="UTF-8"?>
<testng-results ignored="0" total="12" passed="11" failed="1" skipped="0">
  <reporter-output>
  </reporter-output>
  <suite started-at="2022-02-17T21:30:11 CST" name="nopCommerce regression test suite" finished-at="2022-02-17T21:31:37 CST" duration-ms="85946">
    <groups>
    </groups>
    <test started-at="2022-02-17T21:30:11 CST" name="home page test" finished-at="2022-02-17T21:30:56 CST" duration-ms="44515">
      <class name="com.nopcommerce.tests.HomePageTest">
        <test-method is-config="true" signature="setup()[pri:0, instance:com.nopcommerce.tests.HomePageTest@1debc91c]" started-at="2022-02-17T21:30:11 CST" name="setup" finished-at="2022-02-17T21:30:46 CST" duration-ms="34591" status="PASS">
          <reporter-output>
          </reporter-output>
        </test-method> <!-- setup -->
        <test-method signature="validatePageTitleTest()[pri:1, instance:com.nopcommerce.tests.HomePageTest@1debc91c]" started-at="2022-02-17T21:30:46 CST" name="validatePageTitleTest" finished-at="2022-02-17T21:30:47 CST" duration-ms="1014" status="PASS">
          <reporter-output>
          </reporter-output>
        </test-method> <!-- validatePageTitleTest -->
        <test-method signature="verifyLogoTest()[pri:2, instance:com.nopcommerce.tests.HomePageTest@1debc91c]" started-at="2022-02-17T21:30:48 CST" name="verifyLogoTest" finished-at="2022-02-17T21:30:51 CST" duration-ms="2799" status="PASS">
          <reporter-output>
          </reporter-output>
        </test-method> <!-- verifyLogoTest -->
        <test-method signature="verifyLoginLinkTest()[pri:3, instance:com.nopcommerce.tests.HomePageTest@1debc91c]" started-at="2022-02-17T21:30:51 CST" name="verifyLoginLinkTest" finished-at="2022-02-17T21:30:52 CST" duration-ms="964" status="PASS">
          <reporter-output>
          </reporter-output>
        </test-method> <!-- verifyLoginLinkTest -->
        <test-method signature="verifyRegisterLinkTest()[pri:3, instance:com.nopcommerce.tests.HomePageTest@1debc91c]" started-at="2022-02-17T21:30:52 CST" name="verifyRegisterLinkTest" finished-at="2022-02-17T21:30:53 CST" duration-ms="1286" status="PASS">
          <reporter-output>
          </reporter-output>
        </test-method> <!-- verifyRegisterLinkTest -->
        <test-method is-config="true" signature="tearDown()[pri:0, instance:com.nopcommerce.tests.HomePageTest@1debc91c]" started-at="2022-02-17T21:30:53 CST" name="tearDown" finished-at="2022-02-17T21:30:56 CST" duration-ms="2332" status="PASS">
          <reporter-output>
          </reporter-output>
        </test-method> <!-- tearDown -->
      </class> <!-- com.nopcommerce.tests.HomePageTest -->
    </test> <!-- home page test -->
    <test started-at="2022-02-17T21:30:11 CST" name="search page test" finished-at="2022-02-17T21:31:00 CST" duration-ms="48534">
      <class name="com.nopcommerce.tests.SearchPageTest">
        <test-method is-config="true" signature="setup()[pri:0, instance:com.nopcommerce.tests.SearchPageTest@2c7a8af2]" started-at="2022-02-17T21:30:11 CST" name="setup" finished-at="2022-02-17T21:30:46 CST" duration-ms="34542" status="PASS">
          <reporter-output>
          </reporter-output>
        </test-method> <!-- setup -->
        <test-method is-config="true" signature="searchPageSetup()[pri:0, instance:com.nopcommerce.tests.SearchPageTest@2c7a8af2]" started-at="2022-02-17T21:30:46 CST" name="searchPageSetup" finished-at="2022-02-17T21:30:50 CST" duration-ms="3777" status="PASS">
          <reporter-output>
          </reporter-output>
        </test-method> <!-- searchPageSetup -->
        <test-method signature="verifySearchPageNameTest()[pri:1, instance:com.nopcommerce.tests.SearchPageTest@2c7a8af2]" started-at="2022-02-17T21:30:50 CST" name="verifySearchPageNameTest" finished-at="2022-02-17T21:30:51 CST" duration-ms="1007" status="PASS">
          <reporter-output>
          </reporter-output>
        </test-method> <!-- verifySearchPageNameTest -->
        <test-method is-config="true" signature="searchPageSetup()[pri:0, instance:com.nopcommerce.tests.SearchPageTest@2c7a8af2]" started-at="2022-02-17T21:30:51 CST" name="searchPageSetup" finished-at="2022-02-17T21:30:53 CST" duration-ms="2291" status="PASS">
          <reporter-output>
          </reporter-output>
        </test-method> <!-- searchPageSetup -->
        <test-method signature="verifyManufactureDropdownListTest()[pri:2, instance:com.nopcommerce.tests.SearchPageTest@2c7a8af2]" started-at="2022-02-17T21:30:53 CST" name="verifyManufactureDropdownListTest" finished-at="2022-02-17T21:30:55 CST" duration-ms="2351" status="PASS">
          <reporter-output>
          </reporter-output>
        </test-method> <!-- verifyManufactureDropdownListTest -->
        <test-method is-config="true" signature="searchPageSetup()[pri:0, instance:com.nopcommerce.tests.SearchPageTest@2c7a8af2]" started-at="2022-02-17T21:30:56 CST" name="searchPageSetup" finished-at="2022-02-17T21:30:58 CST" duration-ms="2078" status="PASS">
          <reporter-output>
          </reporter-output>
        </test-method> <!-- searchPageSetup -->
        <test-method signature="validateCategoryListTest()[pri:3, instance:com.nopcommerce.tests.SearchPageTest@2c7a8af2]" started-at="2022-02-17T21:30:58 CST" name="validateCategoryListTest" finished-at="2022-02-17T21:30:59 CST" duration-ms="1054" status="PASS">
          <reporter-output>
          </reporter-output>
        </test-method> <!-- validateCategoryListTest -->
        <test-method is-config="true" signature="tearDown()[pri:0, instance:com.nopcommerce.tests.SearchPageTest@2c7a8af2]" started-at="2022-02-17T21:30:59 CST" name="tearDown" finished-at="2022-02-17T21:31:00 CST" duration-ms="1075" status="PASS">
          <reporter-output>
          </reporter-output>
        </test-method> <!-- tearDown -->
      </class> <!-- com.nopcommerce.tests.SearchPageTest -->
    </test> <!-- search page test -->
    <test started-at="2022-02-17T21:30:11 CST" name="login page test" finished-at="2022-02-17T21:31:12 CST" duration-ms="60693">
      <class name="com.nopcommerce.tests.LoginPageTest">
        <test-method is-config="true" signature="setup()[pri:0, instance:com.nopcommerce.tests.LoginPageTest@2412a42b]" started-at="2022-02-17T21:30:11 CST" name="setup" finished-at="2022-02-17T21:30:46 CST" duration-ms="34570" status="PASS">
          <reporter-output>
          </reporter-output>
        </test-method> <!-- setup -->
        <test-method is-config="true" signature="loginPageSetup()[pri:0, instance:com.nopcommerce.tests.LoginPageTest@2412a42b]" started-at="2022-02-17T21:30:46 CST" name="loginPageSetup" finished-at="2022-02-17T21:30:49 CST" duration-ms="2568" status="PASS">
          <reporter-output>
          </reporter-output>
        </test-method> <!-- loginPageSetup -->
        <test-method signature="verifyLoginPageNameTest()[pri:1, instance:com.nopcommerce.tests.LoginPageTest@2412a42b]" started-at="2022-02-17T21:30:49 CST" name="verifyLoginPageNameTest" finished-at="2022-02-17T21:30:51 CST" duration-ms="2107" status="PASS">
          <reporter-output>
          </reporter-output>
        </test-method> <!-- verifyLoginPageNameTest -->
        <test-method is-config="true" signature="loginPageSetup()[pri:0, instance:com.nopcommerce.tests.LoginPageTest@2412a42b]" started-at="2022-02-17T21:30:51 CST" name="loginPageSetup" finished-at="2022-02-17T21:30:52 CST" duration-ms="1367" status="PASS">
          <reporter-output>
          </reporter-output>
        </test-method> <!-- loginPageSetup -->
        <test-method signature="verifyRegisterButtonStatusTest()[pri:2, instance:com.nopcommerce.tests.LoginPageTest@2412a42b]" started-at="2022-02-17T21:30:52 CST" name="verifyRegisterButtonStatusTest" finished-at="2022-02-17T21:30:53 CST" duration-ms="934" status="PASS">
          <reporter-output>
          </reporter-output>
        </test-method> <!-- verifyRegisterButtonStatusTest -->
        <test-method is-config="true" signature="loginPageSetup()[pri:0, instance:com.nopcommerce.tests.LoginPageTest@2412a42b]" started-at="2022-02-17T21:30:53 CST" name="loginPageSetup" finished-at="2022-02-17T21:30:54 CST" duration-ms="1119" status="PASS">
          <reporter-output>
          </reporter-output>
        </test-method> <!-- loginPageSetup -->
        <test-method signature="validateUserLoginTest()[pri:3, instance:com.nopcommerce.tests.LoginPageTest@2412a42b]" started-at="2022-02-17T21:30:54 CST" name="validateUserLoginTest" finished-at="2022-02-17T21:31:10 CST" duration-ms="15224" status="FAIL">
          <exception class="org.openqa.selenium.NoSuchElementException">
            <message>
              <![CDATA[no such element: Unable to locate element: {"method":"link text","selector":"Log out"}
  (Session info: chrome=98.0.4758.82)
For documentation on this error, please visit: https://www.seleniumhq.org/exceptions/no_such_element.html
Build info: version: '3.141.59', revision: 'e82be7d358', time: '2018-11-14T08:17:03'
System info: host: 'DESKTOP-3SO37L3', ip: '172.17.32.1', os.name: 'Windows 10', os.arch: 'amd64', os.version: '10.0', java.version: '11.0.11'
Driver info: org.openqa.selenium.chrome.ChromeDriver
Capabilities {acceptInsecureCerts: false, browserName: chrome, browserVersion: 98.0.4758.82, chrome: {chromedriverVersion: 98.0.4758.102 (273bf7ac8c90..., userDataDir: C:\Users\kuku\AppData\Local...}, goog:chromeOptions: {debuggerAddress: localhost:51366}, javascriptEnabled: true, networkConnectionEnabled: false, pageLoadStrategy: normal, platform: WINDOWS, platformName: WINDOWS, proxy: Proxy(), setWindowRect: true, strictFileInteractability: false, timeouts: {implicit: 0, pageLoad: 300000, script: 30000}, unhandledPromptBehavior: dismiss and notify, webauthn:extension:credBlob: true, webauthn:extension:largeBlob: true, webauthn:virtualAuthenticators: true}
Session ID: 57884d5fff49497dfb87020cc41d1c95
*** Element info: {Using=link text, value=Log out}]]>
            </message>
            <full-stacktrace>
              <![CDATA[org.openqa.selenium.NoSuchElementException: no such element: Unable to locate element: {"method":"link text","selector":"Log out"}
  (Session info: chrome=98.0.4758.82)
For documentation on this error, please visit: https://www.seleniumhq.org/exceptions/no_such_element.html
Build info: version: '3.141.59', revision: 'e82be7d358', time: '2018-11-14T08:17:03'
System info: host: 'DESKTOP-3SO37L3', ip: '172.17.32.1', os.name: 'Windows 10', os.arch: 'amd64', os.version: '10.0', java.version: '11.0.11'
Driver info: org.openqa.selenium.chrome.ChromeDriver
Capabilities {acceptInsecureCerts: false, browserName: chrome, browserVersion: 98.0.4758.82, chrome: {chromedriverVersion: 98.0.4758.102 (273bf7ac8c90..., userDataDir: C:\Users\kuku\AppData\Local...}, goog:chromeOptions: {debuggerAddress: localhost:51366}, javascriptEnabled: true, networkConnectionEnabled: false, pageLoadStrategy: normal, platform: WINDOWS, platformName: WINDOWS, proxy: Proxy(), setWindowRect: true, strictFileInteractability: false, timeouts: {implicit: 0, pageLoad: 300000, script: 30000}, unhandledPromptBehavior: dismiss and notify, webauthn:extension:credBlob: true, webauthn:extension:largeBlob: true, webauthn:virtualAuthenticators: true}
Session ID: 57884d5fff49497dfb87020cc41d1c95
*** Element info: {Using=link text, value=Log out}
at java.base/jdk.internal.reflect.NativeConstructorAccessorImpl.newInstance0(Native Method)
at java.base/jdk.internal.reflect.NativeConstructorAccessorImpl.newInstance(NativeConstructorAccessorImpl.java:62)
at java.base/jdk.internal.reflect.DelegatingConstructorAccessorImpl.newInstance(DelegatingConstructorAccessorImpl.java:45)
at java.base/java.lang.reflect.Constructor.newInstance(Constructor.java:490)
at org.openqa.selenium.remote.http.W3CHttpResponseCodec.createException(W3CHttpResponseCodec.java:187)
at org.openqa.selenium.remote.http.W3CHttpResponseCodec.decode(W3CHttpResponseCodec.java:122)
at org.openqa.selenium.remote.http.W3CHttpResponseCodec.decode(W3CHttpResponseCodec.java:49)
at org.openqa.selenium.remote.HttpCommandExecutor.execute(HttpCommandExecutor.java:158)
at org.openqa.selenium.remote.service.DriverCommandExecutor.execute(DriverCommandExecutor.java:83)
at org.openqa.selenium.remote.RemoteWebDriver.execute(RemoteWebDriver.java:552)
at org.openqa.selenium.remote.RemoteWebDriver.findElement(RemoteWebDriver.java:323)
at org.openqa.selenium.remote.RemoteWebDriver.findElementByLinkText(RemoteWebDriver.java:380)
at org.openqa.selenium.By$ByLinkText.findElement(By.java:220)
at org.openqa.selenium.remote.RemoteWebDriver.findElement(RemoteWebDriver.java:315)
at com.nopcommerce.util.ElementUtil.getElement(ElementUtil.java:27)
at com.nopcommerce.util.ElementUtil.doIsDisplayed(ElementUtil.java:48)
at com.nopcommerce.pages.HomePage.verifyLogoutLink(HomePage.java:95)
at com.nopcommerce.tests.LoginPageTest.validateUserLoginTest(LoginPageTest.java:33)
at java.base/jdk.internal.reflect.NativeMethodAccessorImpl.invoke0(Native Method)
at java.base/jdk.internal.reflect.NativeMethodAccessorImpl.invoke(NativeMethodAccessorImpl.java:62)
at java.base/jdk.internal.reflect.DelegatingMethodAccessorImpl.invoke(DelegatingMethodAccessorImpl.java:43)
at java.base/java.lang.reflect.Method.invoke(Method.java:566)
at org.testng.internal.invokers.MethodInvocationHelper.invokeMethod(MethodInvocationHelper.java:135)
at org.testng.internal.invokers.TestInvoker.invokeMethod(TestInvoker.java:673)
at org.testng.internal.invokers.TestInvoker.invokeTestMethod(TestInvoker.java:220)
at org.testng.internal.invokers.MethodRunner.runInSequence(MethodRunner.java:50)
at org.testng.internal.invokers.TestInvoker$MethodInvocationAgent.invoke(TestInvoker.java:945)
at org.testng.internal.invokers.TestInvoker.invokeTestMethods(TestInvoker.java:193)
at org.testng.internal.invokers.TestMethodWorker.invokeTestMethods(TestMethodWorker.java:146)
at org.testng.internal.invokers.TestMethodWorker.run(TestMethodWorker.java:128)
at java.base/java.util.ArrayList.forEach(ArrayList.java:1541)
at org.testng.TestRunner.privateRun(TestRunner.java:808)
at org.testng.TestRunner.run(TestRunner.java:603)
at org.testng.SuiteRunner.runTest(SuiteRunner.java:429)
at org.testng.SuiteRunner.access$000(SuiteRunner.java:32)
at org.testng.SuiteRunner$SuiteWorker.run(SuiteRunner.java:467)
at org.testng.internal.thread.ThreadUtil.lambda$execute$0(ThreadUtil.java:58)
at java.base/java.util.concurrent.FutureTask.run(FutureTask.java:264)
at java.base/java.util.concurrent.ThreadPoolExecutor.runWorker(ThreadPoolExecutor.java:1128)
at java.base/java.util.concurrent.ThreadPoolExecutor$Worker.run(ThreadPoolExecutor.java:628)
at java.base/java.lang.Thread.run(Thread.java:834)
]]>
            </full-stacktrace>
          </exception> <!-- org.openqa.selenium.NoSuchElementException -->
          <reporter-output>
          </reporter-output>
        </test-method> <!-- validateUserLoginTest -->
        <test-method is-config="true" signature="tearDown()[pri:0, instance:com.nopcommerce.tests.LoginPageTest@2412a42b]" started-at="2022-02-17T21:31:11 CST" name="tearDown" finished-at="2022-02-17T21:31:12 CST" duration-ms="989" status="PASS">
          <reporter-output>
          </reporter-output>
        </test-method> <!-- tearDown -->
      </class> <!-- com.nopcommerce.tests.LoginPageTest -->
    </test> <!-- login page test -->
    <test started-at="2022-02-17T21:30:11 CST" name="register page test" finished-at="2022-02-17T21:31:37 CST" duration-ms="85946">
      <class name="com.nopcommerce.tests.RegisterPageTest">
        <test-method is-config="true" signature="setup()[pri:0, instance:com.nopcommerce.tests.RegisterPageTest@2dd2e270]" started-at="2022-02-17T21:30:11 CST" name="setup" finished-at="2022-02-17T21:30:45 CST" duration-ms="33872" status="PASS">
          <reporter-output>
          </reporter-output>
        </test-method> <!-- setup -->
        <test-method is-config="true" signature="registerPageSetup()[pri:0, instance:com.nopcommerce.tests.RegisterPageTest@2dd2e270]" started-at="2022-02-17T21:30:56 CST" name="registerPageSetup" finished-at="2022-02-17T21:30:58 CST" duration-ms="1941" status="PASS">
          <reporter-output>
          </reporter-output>
        </test-method> <!-- registerPageSetup -->
        <test-method signature="registerNewUserTest(java.lang.String,java.lang.String,java.lang.String,java.lang.String,java.lang.String,java.lang.String,java.lang.String,java.lang.String,java.lang.String,java.lang.String)[pri:0, instance:com.nopcommerce.tests.RegisterPageTest@2dd2e270]" started-at="2022-02-17T21:30:58 CST" name="registerNewUserTest" data-provider="getUserData" finished-at="2022-02-17T21:31:17 CST" duration-ms="18948" status="PASS">
          <params>
            <param index="0">
              <value>
                <![CDATA[Male]]>
              </value>
            </param>
            <param index="1">
              <value>
                <![CDATA[John]]>
              </value>
            </param>
            <param index="2">
              <value>
                <![CDATA[Lennon]]>
              </value>
            </param>
            <param index="3">
              <value>
                <![CDATA[15]]>
              </value>
            </param>
            <param index="4">
              <value>
                <![CDATA[July]]>
              </value>
            </param>
            <param index="5">
              <value>
                <![CDATA[1970]]>
              </value>
            </param>
            <param index="6">
              <value>
                <![CDATA[john.lennon715@gmail.com]]>
              </value>
            </param>
            <param index="7">
              <value>
                <![CDATA[Automation Testing]]>
              </value>
            </param>
            <param index="8">
              <value>
                <![CDATA[Password123]]>
              </value>
            </param>
            <param index="9">
              <value>
                <![CDATA[Password123]]>
              </value>
            </param>
          </params>
          <reporter-output>
          </reporter-output>
        </test-method> <!-- registerNewUserTest -->
        <test-method is-config="true" signature="registerPageSetup()[pri:0, instance:com.nopcommerce.tests.RegisterPageTest@2dd2e270]" started-at="2022-02-17T21:31:17 CST" name="registerPageSetup" finished-at="2022-02-17T21:31:19 CST" duration-ms="1150" status="PASS">
          <reporter-output>
          </reporter-output>
        </test-method> <!-- registerPageSetup -->
        <test-method signature="registerNewUserTest(java.lang.String,java.lang.String,java.lang.String,java.lang.String,java.lang.String,java.lang.String,java.lang.String,java.lang.String,java.lang.String,java.lang.String)[pri:0, instance:com.nopcommerce.tests.RegisterPageTest@2dd2e270]" started-at="2022-02-17T21:31:19 CST" name="registerNewUserTest" data-provider="getUserData" finished-at="2022-02-17T21:31:36 CST" duration-ms="17693" status="PASS">
          <params>
            <param index="0">
              <value>
                <![CDATA[Female]]>
              </value>
            </param>
            <param index="1">
              <value>
                <![CDATA[Vivien]]>
              </value>
            </param>
            <param index="2">
              <value>
                <![CDATA[Miller]]>
              </value>
            </param>
            <param index="3">
              <value>
                <![CDATA[28]]>
              </value>
            </param>
            <param index="4">
              <value>
                <![CDATA[March]]>
              </value>
            </param>
            <param index="5">
              <value>
                <![CDATA[1975]]>
              </value>
            </param>
            <param index="6">
              <value>
                <![CDATA[vivien.miller328@gmail.com]]>
              </value>
            </param>
            <param index="7">
              <value>
                <![CDATA[Automation Testing]]>
              </value>
            </param>
            <param index="8">
              <value>
                <![CDATA[Password1234]]>
              </value>
            </param>
            <param index="9">
              <value>
                <![CDATA[Password1234]]>
              </value>
            </param>
          </params>
          <reporter-output>
          </reporter-output>
        </test-method> <!-- registerNewUserTest -->
        <test-method is-config="true" signature="tearDown()[pri:0, instance:com.nopcommerce.tests.RegisterPageTest@2dd2e270]" started-at="2022-02-17T21:31:36 CST" name="tearDown" finished-at="2022-02-17T21:31:37 CST" duration-ms="971" status="PASS">
          <reporter-output>
          </reporter-output>
        </test-method> <!-- tearDown -->
      </class> <!-- com.nopcommerce.tests.RegisterPageTest -->
    </test> <!-- register page test -->
  </suite> <!-- nopCommerce regression test suite -->
</testng-results>
