<?xml version="1.0" encoding="UTF-8"?>
<!-- Generated by org.testng.reporters.JUnitXMLReporter -->
<testsuite ignored="0" hostname="DESKTOP-3SO37L3" failures="0" tests="4" name="home page test" time="44.515" errors="0" timestamp="2022-02-17T21:30:59 CST">
  <testcase classname="com.nopcommerce.tests.HomePageTest" name="validatePageTitleTest" time="1.014"/>
  <testcase classname="com.nopcommerce.tests.HomePageTest" name="verifyLogoTest" time="2.799"/>
  <testcase classname="com.nopcommerce.tests.HomePageTest" name="verifyLoginLinkTest" time="0.964"/>
  <testcase classname="com.nopcommerce.tests.HomePageTest" name="verifyRegisterLinkTest" time="1.286"/>
</testsuite> <!-- home page test -->
