<?xml version="1.0" encoding="UTF-8"?>
<!-- Generated by org.testng.reporters.JUnitXMLReporter -->
<testsuite ignored="0" hostname="DESKTOP-3SO37L3" failures="0" tests="2" name="register page test" time="85.946" errors="0" timestamp="2022-02-17T21:31:38 CST">
  <testcase classname="com.nopcommerce.tests.RegisterPageTest" name="registerNewUserTest" time="18.948"/>
  <testcase classname="com.nopcommerce.tests.RegisterPageTest" name="registerNewUserTest" time="17.693"/>
</testsuite> <!-- register page test -->
